Arguments: 
  /home/txq/.nvm/versions/node/v11.9.0/bin/node /home/txq/.nvm/versions/node/v11.9.0/bin/yarn add webpack webpack-cil -D

PATH: 
  /home/txq/.nvm/versions/node/v11.9.0/bin:/usr/local/bin:/usr/bin:/bin:/usr/local/games:/usr/games:/sbin:/usr/sbin:/opt/android-sdk/platform-tools:/opt/android-sdk/tools:/opt/android-sdk/tools/bin:/home/txq/flutter/bin

Yarn version: 
  1.13.0

Node version: 
  11.9.0

Platform: 
  linux x64

Trace: 
  Error: http://registry.cnpmjs.org/webpack-cil: [not_found] document not found
      at Request.params.callback [as _callback] (/home/txq/.nvm/versions/node/v11.9.0/lib/node_modules/yarn/lib/cli.js:66255:18)
      at Request.self.callback (/home/txq/.nvm/versions/node/v11.9.0/lib/node_modules/yarn/lib/cli.js:129397:22)
      at Request.emit (events.js:197:13)
      at Request.<anonymous> (/home/txq/.nvm/versions/node/v11.9.0/lib/node_modules/yarn/lib/cli.js:130369:10)
      at Request.emit (events.js:197:13)
      at Gunzip.<anonymous> (/home/txq/.nvm/versions/node/v11.9.0/lib/node_modules/yarn/lib/cli.js:130291:12)
      at Object.onceWrapper (events.js:285:13)
      at Gunzip.emit (events.js:202:15)
      at endReadableNT (_stream_readable.js:1129:12)
      at processTicksAndRejections (internal/process/next_tick.js:76:17)

npm manifest: 
  {
    "name": "lanbaihe-house-h5",
    "version": "1.0.0",
    "description": "",
    "main": "index.js",
    "scripts": {
      "test": "echo \"Error: no test specified\" && exit 1"
    },
    "keywords": [],
    "author": "",
    "license": "ISC"
  }

yarn manifest: 
  No manifest

Lockfile: 
  No lockfile
